2026-04-01 11:33:08,477 INFO [1/46] 北海道 一覧収集中...
2026-04-01 11:33:09,059 INFO   北海道 p1: 50件 (累計 50)
2026-04-01 11:33:10,444 INFO   北海道 p2: 50件 (累計 100)
2026-04-01 11:33:11,953 INFO   北海道 p3: 50件 (累計 150)
2026-04-01 11:33:13,165 INFO   北海道 p4: 50件 (累計 200)
2026-04-01 11:33:14,689 INFO   北海道 p5: 50件 (累計 250)
2026-04-01 11:33:15,685 INFO   北海道 p6: 12件 (累計 262)
2026-04-01 11:33:17,424 INFO   → 262件のURL収集完了
2026-04-01 11:33:54,488 INFO     北海道: 50/262件処理中... 取得成功 50件
2026-04-01 11:34:32,535 INFO     北海道: 100/262件処理中... 取得成功 100件
2026-04-01 11:35:10,453 INFO     北海道: 150/262件処理中... 取得成功 150件
2026-04-01 11:35:45,904 INFO     北海道: 200/262件処理中... 取得成功 177件
2026-04-01 11:36:18,107 INFO     北海道: 250/262件処理中... 取得成功 177件
2026-04-01 11:36:26,640 INFO   北海道 完了: 177/262件取得
2026-04-01 11:36:26,650 INFO [2/46] 青森 一覧収集中...
2026-04-01 11:36:27,335 INFO   青森 p1: 33件 (累計 33)
2026-04-01 11:36:29,127 INFO   → 33件のURL収集完了
2026-04-01 11:36:52,758 INFO   青森 完了: 19/33件取得
2026-04-01 11:36:52,771 INFO [3/46] 岩手 一覧収集中...
2026-04-01 11:36:53,230 INFO   岩手 p1: 30件 (累計 30)
2026-04-01 11:36:54,521 INFO   → 30件のURL収集完了
2026-04-01 11:37:15,799 INFO   岩手 完了: 18/30件取得
2026-04-01 11:37:15,808 INFO [4/46] 宮城 一覧収集中...
2026-04-01 11:37:16,580 INFO   宮城 p1: 50件 (累計 50)
2026-04-01 11:37:17,763 INFO   宮城 p2: 34件 (累計 84)
2026-04-01 11:37:19,095 INFO   → 84件のURL収集完了
2026-04-01 11:37:55,891 INFO     宮城: 50/84件処理中... 取得成功 50件
2026-04-01 11:38:20,846 INFO   宮城 完了: 72/84件取得
2026-04-01 11:38:20,852 INFO [5/46] 秋田 一覧収集中...
2026-04-01 11:38:21,255 INFO   秋田 p1: 17件 (累計 17)
2026-04-01 11:38:22,585 INFO   → 17件のURL収集完了
2026-04-01 11:38:34,606 INFO   秋田 完了: 10/17件取得
2026-04-01 11:38:34,613 INFO [6/46] 山形 一覧収集中...
2026-04-01 11:38:34,968 INFO   山形 p1: 8件 (累計 8)
2026-04-01 11:38:36,259 INFO   → 8件のURL収集完了
2026-04-01 11:38:41,457 INFO   山形 完了: 0/8件取得
2026-04-01 11:38:41,461 INFO [7/46] 福島 一覧収集中...
2026-04-01 11:38:42,234 INFO   福島 p1: 50件 (累計 50)
2026-04-01 11:38:43,317 INFO   福島 p2: 21件 (累計 71)
2026-04-01 11:38:44,704 INFO   → 71件のURL収集完了
2026-04-01 11:39:18,779 INFO     福島: 50/71件処理中... 取得成功 23件
2026-04-01 11:39:33,018 INFO   福島 完了: 23/71件取得
2026-04-01 11:39:33,024 INFO [8/46] 茨城 一覧収集中...
2026-04-01 11:39:33,702 INFO   茨城 p1: 50件 (累計 50)
2026-04-01 11:39:34,902 INFO   茨城 p2: 50件 (累計 100)
2026-04-01 11:39:35,914 INFO   茨城 p3: 7件 (累計 107)
2026-04-01 11:39:37,257 INFO   → 107件のURL収集完了
2026-04-01 11:40:13,911 INFO     茨城: 50/107件処理中... 取得成功 50件
2026-04-01 11:40:46,591 INFO     茨城: 100/107件処理中... 取得成功 52件
2026-04-01 11:40:51,763 INFO   茨城 完了: 52/107件取得
2026-04-01 11:40:51,769 INFO [9/46] 栃木 一覧収集中...
2026-04-01 11:40:52,448 INFO   栃木 p1: 50件 (累計 50)
2026-04-01 11:40:53,433 INFO   栃木 p2: 7件 (累計 57)
2026-04-01 11:40:54,758 INFO   → 57件のURL収集完了
2026-04-01 11:41:29,336 INFO     栃木: 50/57件処理中... 取得成功 27件
2026-04-01 11:41:34,461 INFO   栃木 完了: 27/57件取得
2026-04-01 11:41:34,469 INFO [10/46] 群馬 一覧収集中...
2026-04-01 11:41:34,902 INFO   群馬 p1: 29件 (累計 29)
2026-04-01 11:41:36,211 INFO   → 29件のURL収集完了
2026-04-01 11:41:56,432 INFO   群馬 完了: 14/29件取得
2026-04-01 11:41:56,438 INFO [11/46] 埼玉 一覧収集中...
2026-04-01 11:41:57,149 INFO   埼玉 p1: 50件 (累計 50)
2026-04-01 11:41:58,502 INFO   埼玉 p2: 50件 (累計 100)
2026-04-01 11:41:59,937 INFO   埼玉 p3: 50件 (累計 150)
2026-04-01 11:42:01,362 INFO   埼玉 p4: 50件 (累計 200)
2026-04-01 11:42:02,448 INFO   埼玉 p5: 33件 (累計 233)
2026-04-01 11:42:04,186 INFO   → 233件のURL収集完了
2026-04-01 11:42:41,418 INFO     埼玉: 50/233件処理中... 取得成功 50件
2026-04-01 11:43:20,370 INFO     埼玉: 100/233件処理中... 取得成功 100件
2026-04-01 11:43:58,803 INFO     埼玉: 150/233件処理中... 取得成功 150件
2026-04-01 11:44:36,615 INFO     埼玉: 200/233件処理中... 取得成功 200件
2026-04-01 11:45:00,045 INFO   埼玉 完了: 213/233件取得
2026-04-01 11:45:00,056 INFO [12/46] 千葉 一覧収集中...
2026-04-01 11:45:00,683 INFO   千葉 p1: 50件 (累計 50)
2026-04-01 11:45:01,926 INFO   千葉 p2: 50件 (累計 100)
2026-04-01 11:45:03,144 INFO   千葉 p3: 50件 (累計 150)
2026-04-01 11:45:04,359 INFO   千葉 p4: 37件 (累計 187)
2026-04-01 11:45:06,156 INFO   → 187件のURL収集完了
2026-04-01 11:45:43,624 INFO     千葉: 50/187件処理中... 取得成功 50件
2026-04-01 11:46:21,156 INFO     千葉: 100/187件処理中... 取得成功 100件
2026-04-01 11:46:58,969 INFO     千葉: 150/187件処理中... 取得成功 150件
2026-04-01 11:47:25,871 INFO   千葉 完了: 171/187件取得
2026-04-01 11:47:25,887 INFO [13/46] 東京 一覧収集中...
2026-04-01 11:47:26,515 INFO   東京 p1: 50件 (累計 50)
2026-04-01 11:47:27,746 INFO   東京 p2: 50件 (累計 100)
2026-04-01 11:47:28,967 INFO   東京 p3: 50件 (累計 150)
2026-04-01 11:47:30,197 INFO   東京 p4: 50件 (累計 200)
2026-04-01 11:47:31,461 INFO   東京 p5: 50件 (累計 250)
2026-04-01 11:47:32,671 INFO   東京 p6: 50件 (累計 300)
2026-04-01 11:47:33,962 INFO   東京 p7: 50件 (累計 350)
2026-04-01 11:47:35,420 INFO   東京 p8: 50件 (累計 400)
2026-04-01 11:47:36,504 INFO   東京 p9: 12件 (累計 412)
2026-04-01 11:47:37,922 INFO   → 412件のURL収集完了
2026-04-01 11:48:14,790 INFO     東京: 50/412件処理中... 取得成功 50件
2026-04-01 11:48:52,432 INFO     東京: 100/412件処理中... 取得成功 100件
2026-04-01 11:49:30,234 INFO     東京: 150/412件処理中... 取得成功 150件
2026-04-01 11:50:07,706 INFO     東京: 200/412件処理中... 取得成功 200件
2026-04-01 11:50:45,537 INFO     東京: 250/412件処理中... 取得成功 250件
2026-04-01 11:51:22,692 INFO     東京: 300/412件処理中... 取得成功 300件
2026-04-01 11:52:00,237 INFO     東京: 350/412件処理中... 取得成功 350件
2026-04-01 11:52:36,940 INFO     東京: 400/412件処理中... 取得成功 393件
2026-04-01 11:52:45,272 INFO   東京 完了: 393/412件取得
2026-04-01 11:52:45,292 INFO [14/46] 神奈川 一覧収集中...
2026-04-01 11:52:46,214 INFO   神奈川 p1: 50件 (累計 50)
2026-04-01 11:52:47,539 INFO   神奈川 p2: 50件 (累計 100)
2026-04-01 11:52:48,777 INFO   神奈川 p3: 50件 (累計 150)
2026-04-01 11:52:49,973 INFO   神奈川 p4: 50件 (累計 200)
2026-04-01 11:52:51,220 INFO   神奈川 p5: 50件 (累計 250)
2026-04-01 11:52:52,270 INFO   神奈川 p6: 7件 (累計 257)
2026-04-01 11:52:53,925 INFO   → 257件のURL収集完了
2026-04-01 11:53:30,996 INFO     神奈川: 50/257件処理中... 取得成功 50件
2026-04-01 11:54:08,885 INFO     神奈川: 100/257件処理中... 取得成功 100件
2026-04-01 11:54:46,889 INFO     神奈川: 150/257件処理中... 取得成功 150件
2026-04-01 11:55:24,659 INFO     神奈川: 200/257件処理中... 取得成功 200件
2026-04-01 11:56:01,930 INFO     神奈川: 250/257件処理中... 取得成功 245件
2026-04-01 11:56:07,050 INFO   神奈川 完了: 245/257件取得
2026-04-01 11:56:07,073 INFO [15/46] 新潟 一覧収集中...
2026-04-01 11:56:07,718 INFO   新潟 p1: 50件 (累計 50)
2026-04-01 11:56:08,694 INFO   新潟 p2: 3件 (累計 53)
2026-04-01 11:56:10,039 INFO   → 53件のURL収集完了
2026-04-01 11:56:45,735 INFO     新潟: 50/53件処理中... 取得成功 34件
2026-04-01 11:56:48,286 INFO   新潟 完了: 34/53件取得
2026-04-01 11:56:48,309 INFO [16/46] 富山 一覧収集中...
2026-04-01 11:56:49,058 INFO   → 0件のURL収集完了
2026-04-01 11:56:49,058 INFO   富山 完了: 0/0件取得
2026-04-01 11:56:49,073 INFO [17/46] 石川 一覧収集中...
2026-04-01 11:56:49,772 INFO   → 0件のURL収集完了
2026-04-01 11:56:49,772 INFO   石川 完了: 0/0件取得
2026-04-01 11:56:49,788 INFO [18/46] 福井 一覧収集中...
2026-04-01 11:56:50,490 INFO   → 0件のURL収集完了
2026-04-01 11:56:50,490 INFO   福井 完了: 0/0件取得
2026-04-01 11:56:50,506 INFO [19/46] 山梨 一覧収集中...
2026-04-01 11:56:51,265 INFO   → 0件のURL収集完了
2026-04-01 11:56:51,265 INFO   山梨 完了: 0/0件取得
2026-04-01 11:56:51,280 INFO [20/46] 長野 一覧収集中...
2026-04-01 11:56:52,006 INFO   長野 p1: 38件 (累計 38)
2026-04-01 11:56:53,298 INFO   → 38件のURL収集完了
2026-04-01 11:57:20,774 INFO   長野 完了: 25/38件取得
2026-04-01 11:57:20,796 INFO [21/46] 静岡 一覧収集中...
2026-04-01 11:57:21,260 INFO   静岡 p1: 50件 (累計 50)
2026-04-01 11:57:22,445 INFO   静岡 p2: 50件 (累計 100)
2026-04-01 11:57:23,636 INFO   静岡 p3: 28件 (累計 128)
2026-04-01 11:57:25,338 INFO   → 128件のURL収集完了
2026-04-01 11:58:03,070 INFO     静岡: 50/128件処理中... 取得成功 50件
2026-04-01 11:58:41,041 INFO     静岡: 100/128件処理中... 取得成功 100件
2026-04-01 11:59:01,726 INFO   静岡 完了: 115/128件取得
2026-04-01 11:59:01,752 INFO [22/46] 愛知 一覧収集中...
2026-04-01 11:59:02,432 INFO   愛知 p1: 50件 (累計 50)
2026-04-01 11:59:03,980 INFO   愛知 p2: 50件 (累計 100)
2026-04-01 11:59:05,514 INFO   愛知 p3: 50件 (累計 150)
2026-04-01 11:59:06,781 INFO   愛知 p4: 50件 (累計 200)
2026-04-01 11:59:07,964 INFO   愛知 p5: 50件 (累計 250)
2026-04-01 11:59:09,043 INFO   愛知 p6: 31件 (累計 281)
2026-04-01 11:59:10,376 INFO   → 281件のURL収集完了
2026-04-01 11:59:47,845 INFO     愛知: 50/281件処理中... 取得成功 50件
2026-04-01 12:00:26,354 INFO     愛知: 100/281件処理中... 取得成功 100件
2026-04-01 12:01:04,680 INFO     愛知: 150/281件処理中... 取得成功 150件
2026-04-01 12:01:43,065 INFO     愛知: 200/281件処理中... 取得成功 200件
2026-04-01 12:02:19,262 INFO     愛知: 250/281件処理中... 取得成功 232件
2026-04-01 12:02:40,112 INFO   愛知 完了: 232/281件取得
2026-04-01 12:02:40,132 INFO [23/46] 三重 一覧収集中...
2026-04-01 12:02:40,738 INFO   三重 p1: 30件 (累計 30)
2026-04-01 12:02:42,358 INFO   → 30件のURL収集完了
2026-04-01 12:03:04,488 INFO   三重 完了: 26/30件取得
2026-04-01 12:03:04,510 INFO [24/46] 滋賀 一覧収集中...
2026-04-01 12:03:04,969 INFO   滋賀 p1: 12件 (累計 12)
2026-04-01 12:03:06,305 INFO   → 12件のURL収集完了
2026-04-01 12:03:14,914 INFO   滋賀 完了: 8/12件取得
2026-04-01 12:03:14,935 INFO [25/46] 京都 一覧収集中...
2026-04-01 12:03:15,676 INFO   京都 p1: 50件 (累計 50)
2026-04-01 12:03:16,642 INFO   京都 p2: 6件 (累計 56)
2026-04-01 12:03:17,978 INFO   → 56件のURL収集完了
2026-04-01 12:03:54,731 INFO     京都: 50/56件処理中... 取得成功 50件
2026-04-01 12:03:59,489 INFO   京都 完了: 52/56件取得
2026-04-01 12:03:59,512 INFO [26/46] 大阪 一覧収集中...
2026-04-01 12:04:00,520 INFO   大阪 p1: 50件 (累計 50)
2026-04-01 12:04:01,969 INFO   大阪 p2: 50件 (累計 100)
2026-04-01 12:04:03,197 INFO   大阪 p3: 50件 (累計 150)
2026-04-01 12:04:04,539 INFO   大阪 p4: 50件 (累計 200)
2026-04-01 12:04:06,071 INFO   大阪 p5: 50件 (累計 250)
2026-04-01 12:04:07,283 INFO   大阪 p6: 50件 (累計 300)
2026-04-01 12:04:08,834 INFO   大阪 p7: 50件 (累計 350)
2026-04-01 12:04:09,950 INFO   大阪 p8: 8件 (累計 358)
2026-04-01 12:04:11,286 INFO   → 358件のURL収集完了
2026-04-01 12:04:48,685 INFO     大阪: 50/358件処理中... 取得成功 50件
2026-04-01 12:05:26,849 INFO     大阪: 100/358件処理中... 取得成功 100件
2026-04-01 12:06:04,549 INFO     大阪: 150/358件処理中... 取得成功 150件
2026-04-01 12:06:42,367 INFO     大阪: 200/358件処理中... 取得成功 200件
2026-04-01 12:07:20,143 INFO     大阪: 250/358件処理中... 取得成功 250件
2026-04-01 12:07:58,003 INFO     大阪: 300/358件処理中... 取得成功 300件
2026-04-01 12:08:33,653 INFO     大阪: 350/358件処理中... 取得成功 332件
2026-04-01 12:08:39,430 INFO   大阪 完了: 332/358件取得
2026-04-01 12:08:39,455 INFO [27/46] 兵庫 一覧収集中...
2026-04-01 12:08:40,302 INFO   兵庫 p1: 50件 (累計 50)
2026-04-01 12:08:41,833 INFO   兵庫 p2: 50件 (累計 100)
2026-04-01 12:08:43,054 INFO   兵庫 p3: 50件 (累計 150)
2026-04-01 12:08:44,594 INFO   兵庫 p4: 50件 (累計 200)
2026-04-01 12:08:45,567 INFO   兵庫 p5: 1件 (累計 201)
2026-04-01 12:08:47,316 INFO   → 201件のURL収集完了
2026-04-01 12:09:24,512 INFO     兵庫: 50/201件処理中... 取得成功 50件
2026-04-01 12:10:02,221 INFO     兵庫: 100/201件処理中... 取得成功 100件
2026-04-01 12:10:39,578 INFO     兵庫: 150/201件処理中... 取得成功 150件
2026-04-01 12:11:13,019 INFO     兵庫: 200/201件処理中... 取得成功 156件
2026-04-01 12:11:14,300 INFO   兵庫 完了: 156/201件取得
2026-04-01 12:11:14,332 INFO [28/46] 奈良 一覧収集中...
2026-04-01 12:11:15,031 INFO   → 0件のURL収集完了
2026-04-01 12:11:15,031 INFO   奈良 完了: 0/0件取得
2026-04-01 12:11:15,045 INFO [29/46] 和歌山 一覧収集中...
2026-04-01 12:11:15,788 INFO   → 0件のURL収集完了
2026-04-01 12:11:15,789 INFO   和歌山 完了: 0/0件取得
2026-04-01 12:11:15,807 INFO [30/46] 鳥取 一覧収集中...
2026-04-01 12:11:16,483 INFO   → 0件のURL収集完了
2026-04-01 12:11:16,483 INFO   鳥取 完了: 0/0件取得
2026-04-01 12:11:16,498 INFO [31/46] 島根 一覧収集中...
2026-04-01 12:11:17,327 INFO   → 0件のURL収集完了
2026-04-01 12:11:17,327 INFO   島根 完了: 0/0件取得
2026-04-01 12:11:17,346 INFO [32/46] 岡山 一覧収集中...
2026-04-01 12:11:17,777 INFO   岡山 p1: 14件 (累計 14)
2026-04-01 12:11:19,167 INFO   → 14件のURL収集完了
2026-04-01 12:11:28,790 INFO   岡山 完了: 5/14件取得
2026-04-01 12:11:28,812 INFO [33/46] 広島 一覧収集中...
2026-04-01 12:11:29,315 INFO   広島 p1: 50件 (累計 50)
2026-04-01 12:11:30,417 INFO   広島 p2: 50件 (累計 100)
2026-04-01 12:11:31,361 INFO   広島 p3: 3件 (累計 103)
2026-04-01 12:11:32,889 INFO   → 103件のURL収集完了
2026-04-01 12:12:05,318 INFO     広島: 50/103件処理中... 取得成功 5件
2026-04-01 12:12:37,706 INFO     広島: 100/103件処理中... 取得成功 5件
2026-04-01 12:12:40,251 INFO   広島 完了: 5/103件取得
2026-04-01 12:12:40,273 INFO [34/46] 山口 一覧収集中...
2026-04-01 12:12:40,728 INFO   山口 p1: 22件 (累計 22)
2026-04-01 12:12:42,042 INFO   → 22件のURL収集完了
2026-04-01 12:12:56,456 INFO   山口 完了: 0/22件取得
2026-04-01 12:12:56,481 INFO [35/46] 徳島 一覧収集中...
2026-04-01 12:12:57,272 INFO   → 0件のURL収集完了
2026-04-01 12:12:57,272 INFO   徳島 完了: 0/0件取得
2026-04-01 12:12:57,290 INFO [36/46] 香川 一覧収集中...
2026-04-01 12:12:57,781 INFO   香川 p1: 8件 (累計 8)
2026-04-01 12:12:59,118 INFO   → 8件のURL収集完了
2026-04-01 12:13:04,444 INFO   香川 完了: 0/8件取得
2026-04-01 12:13:04,469 INFO [37/46] 愛媛 一覧収集中...
2026-04-01 12:13:04,992 INFO   愛媛 p1: 34件 (累計 34)
2026-04-01 12:13:06,793 INFO   → 34件のURL収集完了
2026-04-01 12:13:29,963 INFO   愛媛 完了: 4/34件取得
2026-04-01 12:13:29,999 INFO [38/46] 高知 一覧収集中...
2026-04-01 12:13:30,767 INFO   → 0件のURL収集完了
2026-04-01 12:13:30,767 INFO   高知 完了: 0/0件取得
2026-04-01 12:13:30,789 INFO [39/46] 福岡 一覧収集中...
2026-04-01 12:13:31,550 INFO   福岡 p1: 50件 (累計 50)
2026-04-01 12:13:32,984 INFO   福岡 p2: 50件 (累計 100)
2026-04-01 12:13:34,196 INFO   福岡 p3: 50件 (累計 150)
2026-04-01 12:13:35,367 INFO   福岡 p4: 29件 (累計 179)
2026-04-01 12:13:37,016 INFO   → 179件のURL収集完了
2026-04-01 12:14:14,522 INFO     福岡: 50/179件処理中... 取得成功 50件
2026-04-01 12:14:52,872 INFO     福岡: 100/179件処理中... 取得成功 100件
2026-04-01 12:15:29,066 INFO     福岡: 150/179件処理中... 取得成功 130件
2026-04-01 12:15:48,501 INFO   福岡 完了: 130/179件取得
2026-04-01 12:15:48,544 INFO [40/46] 佐賀 一覧収集中...
2026-04-01 12:15:49,652 INFO   → 0件のURL収集完了
2026-04-01 12:15:49,652 INFO   佐賀 完了: 0/0件取得
2026-04-01 12:15:49,679 INFO [41/46] 長崎 一覧収集中...
2026-04-01 12:15:50,286 INFO   長崎 p1: 43件 (累計 43)
2026-04-01 12:15:51,601 INFO   → 43件のURL収集完了
2026-04-01 12:16:20,932 INFO   長崎 完了: 12/43件取得
2026-04-01 12:16:20,972 INFO [42/46] 熊本 一覧収集中...
2026-04-01 12:16:21,594 INFO   熊本 p1: 50件 (累計 50)
2026-04-01 12:16:22,973 INFO   → 50件のURL収集完了
2026-04-01 12:16:57,038 INFO     熊本: 50/50件処理中... 取得成功 19件
2026-04-01 12:16:57,679 INFO   熊本 完了: 19/50件取得
2026-04-01 12:16:57,716 INFO [43/46] 大分 一覧収集中...
2026-04-01 12:16:58,253 INFO   大分 p1: 33件 (累計 33)
2026-04-01 12:16:59,675 INFO   → 33件のURL収集完了
2026-04-01 12:17:22,640 INFO   大分 完了: 13/33件取得
2026-04-01 12:17:22,680 INFO [44/46] 宮崎 一覧収集中...
2026-04-01 12:17:23,126 INFO   宮崎 p1: 17件 (累計 17)
2026-04-01 12:17:24,653 INFO   → 17件のURL収集完了
2026-04-01 12:17:35,691 INFO   宮崎 完了: 0/17件取得
2026-04-01 12:17:35,727 INFO [45/46] 鹿児島 一覧収集中...
2026-04-01 12:17:36,391 INFO   鹿児島 p1: 50件 (累計 50)
2026-04-01 12:17:37,530 INFO   鹿児島 p2: 40件 (累計 90)
2026-04-01 12:17:38,824 INFO   → 90件のURL収集完了
2026-04-01 12:18:15,936 INFO     鹿児島: 50/90件処理中... 取得成功 50件
2026-04-01 12:18:43,480 INFO   鹿児島 完了: 53/90件取得
2026-04-01 12:18:43,523 INFO [46/46] 沖縄 一覧収集中...
2026-04-01 12:18:43,969 INFO   沖縄 p1: 18件 (累計 18)
2026-04-01 12:18:45,281 INFO   → 18件のURL収集完了
2026-04-01 12:18:57,150 INFO   沖縄 完了: 0/18件取得
2026-04-01 12:18:57,203 INFO ✅ 完了: 2655件 → docs/pworld_all.json
